<?xml version="1.0" encoding="UTF-8"?>
<!-- Generated by org.testng.reporters.JUnitXMLReporter -->
<testsuite ignored="0" hostname="PF45RTJV221201" failures="0" tests="3" name="Test" time="60.034" errors="0" timestamp="2024-08-01T15:58:44 IST">
  <testcase classname="salescloud.tests.HomePageValidation" name="testHomePageTitle" time="0.019"/>
  <testcase classname="salescloud.tests.HomePageValidation" name="testProducts_telecommunication" time="20.593"/>
  <testcase classname="salescloud.tests.HomePageValidation" name="testProducts_Utilties" time="20.811"/>
</testsuite> <!-- Test -->
